<?xml version="1.0" encoding="UTF-8" standalone="no"?>
<preflight name="exeterar1-64337_1.pdf">
  <executionTimeMS>6938</executionTimeMS>
  <isValid type="PDF/A1-b">false</isValid>
  <errors count="428">
    <error count="1">
      <code>7.1</code>
      <details>Error on MetaData, Missing Metadata Key in catalog</details>
    </error>
    <error count="11">
      <code>1.2.2</code>
      <details>Body Syntax error, Expected 'EOL' before the endstream keyword</details>
    </error>
    <error count="11">
      <code>1.2.5</code>
      <details>Body Syntax error, Stream length is invalide</details>
    </error>
    <error count="6">
      <code>2.4.3</code>
      <details>Invalid Color space, The operator "f" can't be used without Color Profile</details>
    </error>
    <error count="56">
      <code>2.4.3</code>
      <details>Invalid Color space, The operator "b*" can't be used without Color Profile</details>
    </error>
    <error count="18">
      <code>2.4.3</code>
      <details>Invalid Color space, The operator "f*" can't be used without Color Profile</details>
    </error>
    <error count="12">
      <code>2.4.3</code>
      <details>Invalid Color space, DestOutputProfile is missing</details>
    </error>
    <error count="13">
      <code>2.4.3</code>
      <details>Invalid Color space, The operator "g" can't be used without Color Profile</details>
    </error>
    <error count="31">
      <code>2.4.3</code>
      <details>Invalid Color space, The operator "G" can't be used without Color Profile</details>
    </error>
    <error count="121">
      <code>2.4.1</code>
      <details>Invalid Color space, The operator "rg" can't be used with CMYK Profile</details>
    </error>
    <error count="129">
      <code>2.4.1</code>
      <details>Invalid Color space, The operator "RG" can't be used with CMYK Profile</details>
    </error>
    <error count="1">
      <code>1.4.1</code>
      <details>Trailer Syntax error, The trailer dictionary doesn't contain ID</details>
    </error>
    <error count="15">
      <code>3.3.1</code>
      <details>Glyph error, Unknown character CID(32)</details>
    </error>
    <error count="3">
      <code>3.1.11</code>
      <details>Invalid Font definition, The CIDSet entry is missing for the Composite Subset</details>
    </error>
  </errors>
</preflight>
