<?xml version="1.0" encoding="UTF-8" standalone="no"?>
<preflight name="suffolkc1-149435_1.pdf">
  <executionTimeMS>10033</executionTimeMS>
  <isValid type="PDF/A1-b">false</isValid>
  <errors count="980">
    <error count="1">
      <code>3.1.3</code>
      <details>Invalid Font definition, FontFile entry is missing from FontDescriptor for TimesNewRomanPS-BoldItalicMT</details>
    </error>
    <error count="1">
      <code>3.1.3</code>
      <details>Invalid Font definition, FontFile entry is missing from FontDescriptor for TimesNewRomanPS-ItalicMT</details>
    </error>
    <error count="2">
      <code>3.1.3</code>
      <details>Invalid Font definition, FontFile entry is missing from FontDescriptor for Arial-BoldItalicMT</details>
    </error>
    <error count="2">
      <code>3.1.3</code>
      <details>Invalid Font definition, FontFile entry is missing from FontDescriptor for TimesNewRomanPS-BoldMT</details>
    </error>
    <error count="2">
      <code>3.1.3</code>
      <details>Invalid Font definition, FontFile entry is missing from FontDescriptor for Arial-ItalicMT</details>
    </error>
    <error count="2">
      <code>3.1.3</code>
      <details>Invalid Font definition, FontFile entry is missing from FontDescriptor for TimesNewRomanPSMT</details>
    </error>
    <error count="2">
      <code>3.1.3</code>
      <details>Invalid Font definition, FontFile entry is missing from FontDescriptor for Arial-BoldMT</details>
    </error>
    <error count="2">
      <code>3.1.3</code>
      <details>Invalid Font definition, FontFile entry is missing from FontDescriptor for ArialMT</details>
    </error>
    <error count="1">
      <code>1.4.8</code>
      <details>Trailer Syntax error, A Catalog shall not contain the OCPProperties entry.</details>
    </error>
    <error count="1">
      <code>7.3</code>
      <details>Error on MetaData, Cannot find a definition for the namespace http://ns.adobe.com/pdfx/1.3/</details>
    </error>
    <error count="3">
      <code>3.1.11</code>
      <details>Invalid Font definition, The CIDSet entry is missing for the Composite Subset</details>
    </error>
    <error count="108">
      <code>2.4.3</code>
      <details>Invalid Color space, The operator "g" can't be used without Color Profile</details>
    </error>
    <error count="1">
      <code>2.4.3</code>
      <details>Invalid Color space, DestOutputProfile is missing</details>
    </error>
    <error count="852">
      <code>2.4.3</code>
      <details>Invalid Color space, The operator "f" can't be used without Color Profile</details>
    </error>
  </errors>
</preflight>
